<?xml version="1.0" encoding="UTF-8"?>
<!-- Generated by org.testng.reporters.JUnitXMLReporter -->
<testsuite hostname="CBT-LAB-005" ignored="23" name="TestOnChrome" tests="2" failures="0" timestamp="25 Feb 2018 09:50:25 GMT" time="32.937" errors="0">
  <testcase name="testAutoLoginLogout1" time="0.009" classname="com.hrm.scripts.LoginLogoutTest"/>
  <testcase name="testSearchButton" time="3.867" classname="com.hrm.scripts.TestSearchButton"/>
  <testcase name="testJobTitle" time="0.0" classname="com.hrm.scripts.TestJobTitle">
    <ignored/>
  </testcase> <!-- testJobTitle -->
  <testcase name="testIncludeListBox" time="0.0" classname="com.hrm.scripts.TestIncludeListBox">
    <ignored/>
  </testcase> <!-- testIncludeListBox -->
  <testcase name="testLoginButtonIsPresent" time="0.0" classname="com.hrm.scripts.TestLoginButtonIsPresent">
    <ignored/>
  </testcase> <!-- testLoginButtonIsPresent -->
  <testcase name="testCreateDeleteEmp" time="0.0" classname="com.hrm.scripts.TestCreateDeleteEmp">
    <ignored/>
  </testcase> <!-- testCreateDeleteEmp -->
  <testcase name="@BeforeTest initGlobalVar" time="0.0" classname="com.hrm.base.BaseTest">
    <ignored/>
  </testcase> <!-- @BeforeTest initGlobalVar -->
  <testcase name="@BeforeTest initGlobalVar" time="0.0" classname="com.hrm.base.BaseTest">
    <ignored/>
  </testcase> <!-- @BeforeTest initGlobalVar -->
  <testcase name="@BeforeTest initGlobalVar" time="0.0" classname="com.hrm.base.BaseTest">
    <ignored/>
  </testcase> <!-- @BeforeTest initGlobalVar -->
  <testcase name="@BeforeTest initGlobalVar" time="0.0" classname="com.hrm.base.BaseTest">
    <ignored/>
  </testcase> <!-- @BeforeTest initGlobalVar -->
  <testcase name="@BeforeTest initGlobalVar" time="0.0" classname="com.hrm.base.BaseTest">
    <ignored/>
  </testcase> <!-- @BeforeTest initGlobalVar -->
  <testcase name="@BeforeTest initGlobalVar" time="0.0" classname="com.hrm.base.BaseTest">
    <ignored/>
  </testcase> <!-- @BeforeTest initGlobalVar -->
  <testcase name="@BeforeSuite initFrameWork" time="0.0" classname="com.hrm.base.BaseTest">
    <ignored/>
  </testcase> <!-- @BeforeSuite initFrameWork -->
  <testcase name="@BeforeSuite initFrameWork" time="0.0" classname="com.hrm.base.BaseTest">
    <ignored/>
  </testcase> <!-- @BeforeSuite initFrameWork -->
  <testcase name="@BeforeSuite initFrameWork" time="0.0" classname="com.hrm.base.BaseTest">
    <ignored/>
  </testcase> <!-- @BeforeSuite initFrameWork -->
  <testcase name="@BeforeSuite initFrameWork" time="0.0" classname="com.hrm.base.BaseTest">
    <ignored/>
  </testcase> <!-- @BeforeSuite initFrameWork -->
  <testcase name="@BeforeSuite initFrameWork" time="0.0" classname="com.hrm.base.BaseTest">
    <ignored/>
  </testcase> <!-- @BeforeSuite initFrameWork -->
  <testcase name="@BeforeSuite initFrameWork" time="0.0" classname="com.hrm.base.BaseTest">
    <ignored/>
  </testcase> <!-- @BeforeSuite initFrameWork -->
  <testcase name="testUserRoleListBox" time="0.0" classname="com.hrm.scripts.TestUserRoleListBox">
    <ignored/>
  </testcase> <!-- testUserRoleListBox -->
  <testcase name="@AfterSuite publishReport" time="0.0" classname="com.hrm.base.BaseTest">
    <ignored/>
  </testcase> <!-- @AfterSuite publishReport -->
  <testcase name="@AfterSuite publishReport" time="0.0" classname="com.hrm.base.BaseTest">
    <ignored/>
  </testcase> <!-- @AfterSuite publishReport -->
  <testcase name="@AfterSuite publishReport" time="0.0" classname="com.hrm.base.BaseTest">
    <ignored/>
  </testcase> <!-- @AfterSuite publishReport -->
  <testcase name="@AfterSuite publishReport" time="0.0" classname="com.hrm.base.BaseTest">
    <ignored/>
  </testcase> <!-- @AfterSuite publishReport -->
  <testcase name="@AfterSuite publishReport" time="0.0" classname="com.hrm.base.BaseTest">
    <ignored/>
  </testcase> <!-- @AfterSuite publishReport -->
  <testcase name="@AfterSuite publishReport" time="0.0" classname="com.hrm.base.BaseTest">
    <ignored/>
  </testcase> <!-- @AfterSuite publishReport -->
</testsuite> <!-- TestOnChrome -->
